Using pre-set license

 COMMAND LINE ARGUMENTS:
/Applications/Unity/Hub/Editor/2020.3.12f1/Unity.app/Contents/MacOS/Unity
-adb2
-batchMode
-noUpm
-name
AssetImportWorker0
-projectPath
/Users/mattarnold/Documents/Unity/Project - Using Prefab Objects
-logFile
Logs/AssetImportWorker0.log
-srvPort
54255
Successfully changed project path to: /Users/mattarnold/Documents/Unity/Project - Using Prefab Objects
/Users/mattarnold/Documents/Unity/Project - Using Prefab Objects
Using Asset Import Pipeline V2.
Refreshing native plugins compatible for Editor in 38.14 ms, found 2 plugins.
Preloading 0 native plugins for Editor in 0.00 ms.
Initialize engine version: 2020.3.12f1 (b3b2c6512326)
[Subsystems] Discovering subsystems at path /Applications/Unity/Hub/Editor/2020.3.12f1/Unity.app/Contents/Resources/UnitySubsystems
[Subsystems] Discovering subsystems at path /Users/mattarnold/Documents/Unity/Project - Using Prefab Objects/Assets
GfxDevice: creating device client; threaded=0
2021-09-07 12:42:54.919 Unity[7768:150462] (null) preferred device: Apple M1 (high power)
2021-09-07 12:42:54.919 Unity[7768:150462] Metal devices available: 1
2021-09-07 12:42:54.919 Unity[7768:150462] 0: Apple M1 (high power)
2021-09-07 12:42:54.919 Unity[7768:150462] Using device Apple M1 (high power)
Initializing Metal device caps: Apple M1
Initialize mono
Mono path[0] = '/Applications/Unity/Hub/Editor/2020.3.12f1/Unity.app/Contents/Managed'
Mono path[1] = '/Applications/Unity/Hub/Editor/2020.3.12f1/Unity.app/Contents/MonoBleedingEdge/lib/mono/unityjit'
Mono config path = '/Applications/Unity/Hub/Editor/2020.3.12f1/Unity.app/Contents/MonoBleedingEdge/etc'
Using monoOptions --debugger-agent=transport=dt_socket,embedding=1,server=y,suspend=n,address=127.0.0.1:56768
Begin MonoManager ReloadAssembly
Registering precompiled unity dll's ...
Register platform support module: /Applications/Unity/Hub/Editor/2020.3.12f1/Unity.app/Contents/PlaybackEngines/MacStandaloneSupport/UnityEditor.OSXStandalone.Extensions.dll
Registered in 0.001140 seconds.
Native extension for OSXStandalone target not found
Refreshing native plugins compatible for Editor in 36.32 ms, found 2 plugins.
Preloading 0 native plugins for Editor in 0.00 ms.
Mono: successfully reloaded assembly
- Completed reload, in  1.718 seconds
Platform modules already initialized, skipping
Registering precompiled user dll's ...
Registered in 0.004736 seconds.
Begin MonoManager ReloadAssembly
Native extension for OSXStandalone target not found
Refreshing native plugins compatible for Editor in 0.37 ms, found 2 plugins.
Preloading 0 native plugins for Editor in 0.00 ms.
Mono: successfully reloaded assembly
- Completed reload, in  1.968 seconds
Platform modules already initialized, skipping
========================================================================
Worker process is ready to serve import requests
Launching external process: /Applications/Unity/Hub/Editor/2020.3.12f1/Unity.app/Contents/Tools/UnityShaderCompiler
Launched and connected shader compiler UnityShaderCompiler after 0.03 seconds
Refreshing native plugins compatible for Editor in 0.34 ms, found 2 plugins.
Preloading 0 native plugins for Editor in 0.00 ms.
Unloading 1724 Unused Serialized files (Serialized files now loaded: 0)
System memory in use before: 166.6 MB.
System memory in use after: 166.7 MB.

Unloading 24 unused Assets to reduce memory usage. Loaded Objects now: 2180.
Total: 1.506125 ms (FindLiveObjects: 0.122417 ms CreateObjectMapping: 0.033708 ms MarkObjects: 1.263667 ms  DeleteObjects: 0.085625 ms)

AssetImportParameters requested are different than current active one (requested -> active):
  custom:video-decoder-ogg-theora: a1e56fd34408186e4bbccfd4996cb3dc -> 
  custom:container-muxer-webm: aa71ff27fc2769a1b78a27578f13a17b -> 
  custom:container-demuxer-webm: 4f35f7cbe854078d1ac9338744f61a02 -> 
  custom:container-demuxer-ogg: 62fdf1f143b41e24485cea50d1cbac27 -> 
  custom:video-encoder-webm-vp8: eb34c28f22e8b96e1ab97ce403110664 -> 
  custom:framework-osx-AVFoundation: e770b220cccbd017edd2c1fefb359320 -> 
  custom:video-decoder-webm-vp8: 9c59270c3fd7afecdb556c50c9e8de78 -> 
  custom:audio-decoder-ogg-vorbis: bf7c407c2cedff20999df2af8eb42d56 -> 
  custom:audio-encoder-webm-vorbis: bf7c407c2cedff20999df2af8eb42d56 -> 
========================================================================
Received Import Request.
  path: Assets/Tutorial/Lesson 3/99-EndLesson3.asset
  artifactKey: Guid(4b6c47b39e7834159b365f2228ca50fb) Importer(815301076,1909f56bfc062723c751e8b465ee728b)
Start importing Assets/Tutorial/Lesson 3/99-EndLesson3.asset using Guid(4b6c47b39e7834159b365f2228ca50fb) Importer(815301076,1909f56bfc062723c751e8b465ee728b)  -> (artifact id: 'ececa06cfc32af4bd23d9e2b64077772') in 0.694005 seconds 
  Import took 0.697032 seconds .

========================================================================
Received Import Request.
  Time since last request: 3.021276 seconds.
  path: Assets/Textures/Environment/CheckerAlbedo.tif
  artifactKey: Guid(6a4ef961bc461724e9bbc090b92b88e4) Importer(815301076,1909f56bfc062723c751e8b465ee728b)
Start importing Assets/Textures/Environment/CheckerAlbedo.tif using Guid(6a4ef961bc461724e9bbc090b92b88e4) Importer(815301076,1909f56bfc062723c751e8b465ee728b)  -> (artifact id: 'd80db39e5fc906ade1078883623ad24a') in 0.751457 seconds 
  Import took 0.754095 seconds .

========================================================================
Received Import Request.
  Time since last request: 0.000246 seconds.
  path: Assets/Textures/Environment/ConcreteAlbedo.tif
  artifactKey: Guid(9c8963b9c31f3284eb03c79760fc23e5) Importer(815301076,1909f56bfc062723c751e8b465ee728b)
Start importing Assets/Textures/Environment/ConcreteAlbedo.tif using Guid(9c8963b9c31f3284eb03c79760fc23e5) Importer(815301076,1909f56bfc062723c751e8b465ee728b)  -> (artifact id: 'edeb225e1cff38d9edbf36c466dd38cb') in 0.011207 seconds 
  Import took 0.013797 seconds .

========================================================================
Received Import Request.
  Time since last request: 0.000255 seconds.
  path: Assets/Tutorial/Media/L2 -  Add  Items.png
  artifactKey: Guid(c2020c076111c4ad8b7515dfbc70b70a) Importer(815301076,1909f56bfc062723c751e8b465ee728b)
Start importing Assets/Tutorial/Media/L2 -  Add  Items.png using Guid(c2020c076111c4ad8b7515dfbc70b70a) Importer(815301076,1909f56bfc062723c751e8b465ee728b)  -> (artifact id: '76dbf92ca23d71d713640021e13a5d79') in 0.444558 seconds 
  Import took 0.446830 seconds .

========================================================================
Received Import Request.
  Time since last request: 0.000249 seconds.
  path: Assets/Textures/Environment/ConcreteNormal.tif
  artifactKey: Guid(9cbb6966dc5b39e49af798042f5f8635) Importer(815301076,1909f56bfc062723c751e8b465ee728b)
Start importing Assets/Textures/Environment/ConcreteNormal.tif using Guid(9cbb6966dc5b39e49af798042f5f8635) Importer(815301076,1909f56bfc062723c751e8b465ee728b)  -> (artifact id: '819ee185b64b72b192633b8629fe8c14') in 0.150236 seconds 
  Import took 0.152746 seconds .

========================================================================
Received Import Request.
  Time since last request: 0.000258 seconds.
  path: Assets/Tutorial/Media/L2 -  Import Car.png
  artifactKey: Guid(4b0c0e356ac3d45ec8e912ef5e5e5a2f) Importer(815301076,1909f56bfc062723c751e8b465ee728b)
Start importing Assets/Tutorial/Media/L2 -  Import Car.png using Guid(4b0c0e356ac3d45ec8e912ef5e5e5a2f) Importer(815301076,1909f56bfc062723c751e8b465ee728b)  -> (artifact id: 'a0396e622bbd7327ce9d54fe3839fa01') in 0.007560 seconds 
  Import took 0.009917 seconds .

========================================================================
Received Import Request.
  Time since last request: 0.000215 seconds.
  path: Assets/Tutorial/Media/L2 -  Falling.png
  artifactKey: Guid(994350d1eadbc44868e3193275c53b4c) Importer(815301076,1909f56bfc062723c751e8b465ee728b)
Start importing Assets/Tutorial/Media/L2 -  Falling.png using Guid(994350d1eadbc44868e3193275c53b4c) Importer(815301076,1909f56bfc062723c751e8b465ee728b)  -> (artifact id: 'db55909828c268668074c24a337e4572') in 0.004767 seconds 
  Import took 0.006808 seconds .

========================================================================
Received Import Request.
  Time since last request: 0.000238 seconds.
  path: Assets/Tutorial/Media/L2 -  Drift Settings.png
  artifactKey: Guid(903a1dbc0d7a145db92677be52affc77) Importer(815301076,1909f56bfc062723c751e8b465ee728b)
Start importing Assets/Tutorial/Media/L2 -  Drift Settings.png using Guid(903a1dbc0d7a145db92677be52affc77) Importer(815301076,1909f56bfc062723c751e8b465ee728b)  -> (artifact id: '6a5cd0872b83be95c259f25e2d058985') in 0.004676 seconds 
  Import took 0.007118 seconds .

========================================================================
Received Import Request.
  Time since last request: 0.000241 seconds.
  path: Assets/Textures/Environment/DirtNormal.tif
  artifactKey: Guid(a1bfba6d440f3a74db05157d811e2116) Importer(815301076,1909f56bfc062723c751e8b465ee728b)
Start importing Assets/Textures/Environment/DirtNormal.tif using Guid(a1bfba6d440f3a74db05157d811e2116) Importer(815301076,1909f56bfc062723c751e8b465ee728b)  -> (artifact id: '371f0f676df6e9b2bd0649e53a57e249') in 0.007206 seconds 
  Import took 0.009338 seconds .

========================================================================
Received Import Request.
  Time since last request: 0.000232 seconds.
  path: Assets/Tutorial/Media/L2  -  Add  Ramp.png
  artifactKey: Guid(e40742ff29fe04eecb9a580db66dad6b) Importer(815301076,1909f56bfc062723c751e8b465ee728b)
Start importing Assets/Tutorial/Media/L2  -  Add  Ramp.png using Guid(e40742ff29fe04eecb9a580db66dad6b) Importer(815301076,1909f56bfc062723c751e8b465ee728b)  -> (artifact id: '88dcb6c2b443acbb33eb6288b9423357') in 0.004981 seconds 
  Import took 0.007155 seconds .

========================================================================
Received Import Request.
  Time since last request: 0.000203 seconds.
  path: Assets/Textures/Environment/ConcreteSpecularGloss.tif
  artifactKey: Guid(0cfbebd1833e31f45868e69d3da02aa3) Importer(815301076,1909f56bfc062723c751e8b465ee728b)
Start importing Assets/Textures/Environment/ConcreteSpecularGloss.tif using Guid(0cfbebd1833e31f45868e69d3da02aa3) Importer(815301076,1909f56bfc062723c751e8b465ee728b)  -> (artifact id: '4bfa5711921452557e06ec37c252e194') in 0.006192 seconds 
  Import took 0.008290 seconds .

========================================================================
Received Import Request.
  Time since last request: 0.000227 seconds.
  path: Assets/Textures/Environment/DirtAlbedo.tif
  artifactKey: Guid(4484adb582308dc4daa00403cb82dff7) Importer(815301076,1909f56bfc062723c751e8b465ee728b)
Start importing Assets/Textures/Environment/DirtAlbedo.tif using Guid(4484adb582308dc4daa00403cb82dff7) Importer(815301076,1909f56bfc062723c751e8b465ee728b)  -> (artifact id: 'fb6709d3985d2425f7c18f29fd43cfc7') in 0.007455 seconds 
  Import took 0.009526 seconds .

========================================================================
Received Import Request.
  Time since last request: 0.066519 seconds.
  path: Assets/Textures/Environment/DirtAlbedo.tif
  artifactKey: Guid(4484adb582308dc4daa00403cb82dff7) Importer(815301076,1909f56bfc062723c751e8b465ee728b)
Start importing Assets/Textures/Environment/DirtAlbedo.tif using Guid(4484adb582308dc4daa00403cb82dff7) Importer(815301076,1909f56bfc062723c751e8b465ee728b)  -> (artifact id: 'fb6709d3985d2425f7c18f29fd43cfc7') in 0.005098 seconds 
  Import took 0.007391 seconds .

========================================================================
Received Import Request.
  Time since last request: 75.790345 seconds.
  path: Assets/Tutorial/Lesson 3/Lesson3.asset
  artifactKey: Guid(34f81db8245eb4b7b869903129607a49) Importer(815301076,1909f56bfc062723c751e8b465ee728b)
Start importing Assets/Tutorial/Lesson 3/Lesson3.asset using Guid(34f81db8245eb4b7b869903129607a49) Importer(815301076,1909f56bfc062723c751e8b465ee728b)  -> (artifact id: '55505565c266bc1b82b05c1efb46cf4c') in 0.060224 seconds 
  Import took 0.074351 seconds .

